<?xml version="1.0" encoding="UTF-8"?>
<testsuites name="jest tests" tests="1" failures="0" time="5.979">
  <testsuite name="EventUserService" errors="0" failures="0" skipped="0" timestamp="2020-04-20T09:18:07" time="5.654" tests="1">
    <testcase classname="EventUserService should be defined" name="EventUserService should be defined" time="0.013">
    </testcase>
  </testsuite>
</testsuites>